2023/02/16 08:14:31 [emerg] 1#1: host not found in upstream "guacamole_client" in /etc/nginx/conf.d/default.conf:44
2023/02/16 08:18:07 [notice] 1#1: using the "epoll" event method
2023/02/16 08:18:07 [notice] 1#1: nginx/1.23.3
2023/02/16 08:18:07 [notice] 1#1: built by gcc 12.2.1 20220924 (Alpine 12.2.1_git20220924-r4) 
2023/02/16 08:18:07 [notice] 1#1: OS: Linux 5.4.0-137-generic
2023/02/16 08:18:07 [notice] 1#1: getrlimit(RLIMIT_NOFILE): 1048576:1048576
2023/02/16 08:18:07 [notice] 1#1: start worker processes
2023/02/16 08:18:07 [notice] 1#1: start worker process 31
2023/02/16 08:18:07 [notice] 1#1: start worker process 32
2023/02/16 08:18:07 [notice] 1#1: start worker process 33
2023/02/16 08:18:07 [notice] 1#1: start worker process 34
2023/02/16 08:19:02 [notice] 1#1: signal 3 (SIGQUIT) received, shutting down
2023/02/16 08:19:02 [notice] 32#32: gracefully shutting down
2023/02/16 08:19:02 [notice] 32#32: exiting
2023/02/16 08:19:02 [notice] 31#31: gracefully shutting down
2023/02/16 08:19:02 [notice] 31#31: exiting
2023/02/16 08:19:02 [notice] 32#32: exit
2023/02/16 08:19:02 [notice] 31#31: exit
2023/02/16 08:19:02 [notice] 34#34: gracefully shutting down
2023/02/16 08:19:02 [notice] 34#34: exiting
2023/02/16 08:19:02 [notice] 33#33: gracefully shutting down
2023/02/16 08:19:02 [notice] 33#33: exiting
2023/02/16 08:19:02 [notice] 34#34: exit
2023/02/16 08:19:02 [notice] 33#33: exit
2023/02/16 08:19:02 [notice] 1#1: signal 17 (SIGCHLD) received from 33
2023/02/16 08:19:02 [notice] 1#1: worker process 33 exited with code 0
2023/02/16 08:19:02 [notice] 1#1: signal 29 (SIGIO) received
2023/02/16 08:19:02 [notice] 1#1: signal 17 (SIGCHLD) received from 34
2023/02/16 08:19:02 [notice] 1#1: worker process 34 exited with code 0
2023/02/16 08:19:02 [notice] 1#1: signal 29 (SIGIO) received
2023/02/16 08:19:02 [notice] 1#1: signal 17 (SIGCHLD) received from 31
2023/02/16 08:19:02 [notice] 1#1: worker process 31 exited with code 0
2023/02/16 08:19:02 [notice] 1#1: signal 17 (SIGCHLD) received from 32
2023/02/16 08:19:02 [notice] 1#1: worker process 32 exited with code 0
2023/02/16 08:19:02 [notice] 1#1: exit
2023/02/16 08:23:29 [notice] 1#1: using the "epoll" event method
2023/02/16 08:23:29 [notice] 1#1: nginx/1.23.3
2023/02/16 08:23:29 [notice] 1#1: built by gcc 12.2.1 20220924 (Alpine 12.2.1_git20220924-r4) 
2023/02/16 08:23:29 [notice] 1#1: OS: Linux 5.4.0-137-generic
2023/02/16 08:23:29 [notice] 1#1: getrlimit(RLIMIT_NOFILE): 1048576:1048576
2023/02/16 08:23:29 [notice] 1#1: start worker processes
2023/02/16 08:23:29 [notice] 1#1: start worker process 28
2023/02/16 08:23:29 [notice] 1#1: start worker process 29
2023/02/16 08:23:29 [notice] 1#1: start worker process 30
2023/02/16 08:23:29 [notice] 1#1: start worker process 31
2023/02/16 08:50:49 [notice] 1#1: signal 3 (SIGQUIT) received, shutting down
2023/02/16 08:50:49 [notice] 28#28: gracefully shutting down
2023/02/16 08:50:49 [notice] 30#30: gracefully shutting down
2023/02/16 08:50:49 [notice] 31#31: gracefully shutting down
2023/02/16 08:50:49 [notice] 28#28: exiting
2023/02/16 08:50:49 [notice] 30#30: exiting
2023/02/16 08:50:49 [notice] 31#31: exiting
2023/02/16 08:50:49 [notice] 28#28: exit
2023/02/16 08:50:49 [notice] 30#30: exit
2023/02/16 08:50:49 [notice] 31#31: exit
2023/02/16 08:50:49 [notice] 29#29: gracefully shutting down
2023/02/16 08:50:49 [notice] 29#29: exiting
2023/02/16 08:50:49 [notice] 29#29: exit
2023/02/16 08:50:49 [notice] 1#1: signal 17 (SIGCHLD) received from 28
2023/02/16 08:50:49 [notice] 1#1: worker process 28 exited with code 0
2023/02/16 08:50:49 [notice] 1#1: worker process 29 exited with code 0
2023/02/16 08:50:49 [notice] 1#1: signal 29 (SIGIO) received
2023/02/16 08:50:49 [notice] 1#1: signal 17 (SIGCHLD) received from 29
2023/02/16 08:50:49 [notice] 1#1: worker process 31 exited with code 0
2023/02/16 08:50:49 [notice] 1#1: signal 29 (SIGIO) received
2023/02/16 08:50:49 [notice] 1#1: signal 17 (SIGCHLD) received from 31
2023/02/16 08:50:49 [notice] 1#1: signal 17 (SIGCHLD) received from 30
2023/02/16 08:50:49 [notice] 1#1: worker process 30 exited with code 0
2023/02/16 08:50:49 [notice] 1#1: exit
2023/02/16 08:51:12 [notice] 1#1: using the "epoll" event method
2023/02/16 08:51:12 [notice] 1#1: nginx/1.23.3
2023/02/16 08:51:12 [notice] 1#1: built by gcc 12.2.1 20220924 (Alpine 12.2.1_git20220924-r4) 
2023/02/16 08:51:12 [notice] 1#1: OS: Linux 5.4.0-137-generic
2023/02/16 08:51:12 [notice] 1#1: getrlimit(RLIMIT_NOFILE): 1048576:1048576
2023/02/16 08:51:12 [notice] 1#1: start worker processes
2023/02/16 08:51:12 [notice] 1#1: start worker process 28
2023/02/16 08:51:12 [notice] 1#1: start worker process 29
2023/02/16 08:51:12 [notice] 1#1: start worker process 30
2023/02/16 08:51:12 [notice] 1#1: start worker process 31
2023/02/16 08:53:06 [notice] 1#1: signal 3 (SIGQUIT) received, shutting down
2023/02/16 08:53:06 [notice] 30#30: gracefully shutting down
2023/02/16 08:53:06 [notice] 28#28: gracefully shutting down
2023/02/16 08:53:06 [notice] 28#28: exiting
2023/02/16 08:53:06 [notice] 31#31: gracefully shutting down
2023/02/16 08:53:06 [notice] 31#31: exiting
2023/02/16 08:53:06 [notice] 28#28: exit
2023/02/16 08:53:06 [notice] 31#31: exit
2023/02/16 08:53:06 [notice] 29#29: gracefully shutting down
2023/02/16 08:53:06 [notice] 1#1: signal 17 (SIGCHLD) received from 31
2023/02/16 08:53:06 [notice] 1#1: worker process 28 exited with code 0
2023/02/16 08:53:06 [notice] 1#1: worker process 31 exited with code 0
2023/02/16 08:53:06 [notice] 1#1: signal 29 (SIGIO) received
2023/02/16 08:58:33 [notice] 1#1: using the "epoll" event method
2023/02/16 08:58:33 [notice] 1#1: nginx/1.23.3
2023/02/16 08:58:33 [notice] 1#1: built by gcc 12.2.1 20220924 (Alpine 12.2.1_git20220924-r4) 
2023/02/16 08:58:33 [notice] 1#1: OS: Linux 5.4.0-137-generic
2023/02/16 08:58:33 [notice] 1#1: getrlimit(RLIMIT_NOFILE): 1048576:1048576
2023/02/16 08:58:33 [notice] 1#1: start worker processes
2023/02/16 08:58:33 [notice] 1#1: start worker process 28
2023/02/16 08:58:33 [notice] 1#1: start worker process 29
2023/02/16 08:58:33 [notice] 1#1: start worker process 30
2023/02/16 08:58:33 [notice] 1#1: start worker process 31
2023/02/16 09:04:05 [notice] 1#1: signal 3 (SIGQUIT) received, shutting down
2023/02/16 09:04:05 [notice] 28#28: gracefully shutting down
2023/02/16 09:04:05 [notice] 31#31: gracefully shutting down
2023/02/16 09:04:05 [notice] 28#28: exiting
2023/02/16 09:04:05 [notice] 31#31: exiting
2023/02/16 09:04:05 [notice] 28#28: exit
2023/02/16 09:04:05 [notice] 31#31: exit
2023/02/16 09:04:05 [notice] 30#30: gracefully shutting down
2023/02/16 09:04:05 [notice] 30#30: exiting
2023/02/16 09:04:05 [notice] 30#30: exit
2023/02/16 09:04:05 [notice] 29#29: gracefully shutting down
2023/02/16 09:04:05 [notice] 29#29: exiting
2023/02/16 09:04:05 [notice] 29#29: exit
2023/02/16 09:04:05 [notice] 1#1: signal 17 (SIGCHLD) received from 30
2023/02/16 09:04:05 [notice] 1#1: worker process 28 exited with code 0
2023/02/16 09:04:05 [notice] 1#1: worker process 30 exited with code 0
2023/02/16 09:04:05 [notice] 1#1: signal 29 (SIGIO) received
2023/02/16 09:04:05 [notice] 1#1: signal 17 (SIGCHLD) received from 28
2023/02/16 09:04:05 [notice] 1#1: signal 17 (SIGCHLD) received from 31
2023/02/16 09:04:05 [notice] 1#1: worker process 31 exited with code 0
2023/02/16 09:04:05 [notice] 1#1: signal 29 (SIGIO) received
2023/02/16 09:04:05 [notice] 1#1: signal 17 (SIGCHLD) received from 29
2023/02/16 09:04:05 [notice] 1#1: worker process 29 exited with code 0
2023/02/16 09:04:05 [notice] 1#1: exit
2023/02/16 09:09:31 [notice] 1#1: using the "epoll" event method
2023/02/16 09:09:31 [notice] 1#1: nginx/1.23.3
2023/02/16 09:09:31 [notice] 1#1: built by gcc 12.2.1 20220924 (Alpine 12.2.1_git20220924-r4) 
2023/02/16 09:09:31 [notice] 1#1: OS: Linux 5.4.0-137-generic
2023/02/16 09:09:31 [notice] 1#1: getrlimit(RLIMIT_NOFILE): 1048576:1048576
2023/02/16 09:09:31 [notice] 1#1: start worker processes
2023/02/16 09:09:31 [notice] 1#1: start worker process 28
2023/02/16 09:09:31 [notice] 1#1: start worker process 29
2023/02/16 09:09:31 [notice] 1#1: start worker process 30
2023/02/16 09:09:31 [notice] 1#1: start worker process 31
2023/02/16 09:10:55 [error] 28#28: *2 connect() failed (111: Connection refused) while connecting to upstream, client: 172.24.0.1, server: localhost, request: "GET /users/sign_in HTTP/1.1", upstream: "http://127.0.0.1:3000/users/sign_in", host: "localhost"
2023/02/16 09:10:55 [error] 28#28: *2 open() "/etc/nginx/html/maintenance.html" failed (2: No such file or directory) while sending to client, client: 172.24.0.1, server: localhost, request: "GET /users/sign_in HTTP/1.1", upstream: "http://127.0.0.1:3000/users/sign_in", host: "localhost"
2023/02/16 09:10:55 [error] 28#28: *2 connect() failed (111: Connection refused) while connecting to upstream, client: 172.24.0.1, server: localhost, request: "GET /favicon.ico HTTP/1.1", upstream: "http://127.0.0.1:3000/favicon.ico", host: "localhost", referrer: "http://localhost/users/sign_in"
2023/02/16 09:10:55 [error] 28#28: *2 open() "/etc/nginx/html/maintenance.html" failed (2: No such file or directory) while sending to client, client: 172.24.0.1, server: localhost, request: "GET /favicon.ico HTTP/1.1", upstream: "http://127.0.0.1:3000/favicon.ico", host: "localhost", referrer: "http://localhost/users/sign_in"
2023/02/16 09:11:35 [error] 28#28: *2 connect() failed (111: Connection refused) while connecting to upstream, client: 172.24.0.1, server: localhost, request: "GET /users/sign_in HTTP/1.1", upstream: "http://127.0.0.1:3000/users/sign_in", host: "localhost"
2023/02/16 09:11:35 [error] 28#28: *2 open() "/etc/nginx/html/maintenance.html" failed (2: No such file or directory) while sending to client, client: 172.24.0.1, server: localhost, request: "GET /users/sign_in HTTP/1.1", upstream: "http://127.0.0.1:3000/users/sign_in", host: "localhost"
2023/02/16 09:13:27 [error] 30#30: *6 connect() failed (111: Connection refused) while connecting to upstream, client: 172.24.0.1, server: localhost, request: "GET /users/sign_in HTTP/1.1", upstream: "http://127.0.0.1:3000/users/sign_in", host: "localhost"
2023/02/16 09:13:29 [error] 30#30: *6 connect() failed (111: Connection refused) while connecting to upstream, client: 172.24.0.1, server: localhost, request: "GET /users/sign_in HTTP/1.1", upstream: "http://127.0.0.1:3000/users/sign_in", host: "localhost"
2023/02/16 09:13:30 [error] 30#30: *6 connect() failed (111: Connection refused) while connecting to upstream, client: 172.24.0.1, server: localhost, request: "GET /users/sign_in HTTP/1.1", upstream: "http://127.0.0.1:3000/users/sign_in", host: "localhost"
2023/02/16 09:13:32 [error] 30#30: *6 connect() failed (111: Connection refused) while connecting to upstream, client: 172.24.0.1, server: localhost, request: "GET /users/sign_in HTTP/1.1", upstream: "http://127.0.0.1:3000/users/sign_in", host: "localhost"
2023/02/16 09:14:32 [notice] 1#1: signal 3 (SIGQUIT) received, shutting down
2023/02/16 09:14:32 [notice] 28#28: gracefully shutting down
2023/02/16 09:14:32 [notice] 29#29: gracefully shutting down
2023/02/16 09:14:32 [notice] 28#28: exiting
2023/02/16 09:14:32 [notice] 31#31: gracefully shutting down
2023/02/16 09:14:32 [notice] 29#29: exiting
2023/02/16 09:14:32 [notice] 31#31: exiting
2023/02/16 09:14:32 [notice] 28#28: exit
2023/02/16 09:14:32 [notice] 29#29: exit
2023/02/16 09:14:32 [notice] 31#31: exit
2023/02/16 09:14:32 [notice] 30#30: gracefully shutting down
2023/02/16 09:14:32 [notice] 30#30: exiting
2023/02/16 09:14:32 [notice] 30#30: exit
2023/02/16 09:14:32 [notice] 1#1: signal 17 (SIGCHLD) received from 28
2023/02/16 09:14:32 [notice] 1#1: worker process 28 exited with code 0
2023/02/16 09:14:32 [notice] 1#1: worker process 30 exited with code 0
2023/02/16 09:14:32 [notice] 1#1: signal 29 (SIGIO) received
2023/02/16 09:14:32 [notice] 1#1: signal 17 (SIGCHLD) received from 29
2023/02/16 09:14:32 [notice] 1#1: worker process 29 exited with code 0
2023/02/16 09:14:32 [notice] 1#1: worker process 31 exited with code 0
2023/02/16 09:14:32 [notice] 1#1: exit
2023/02/16 09:14:54 [notice] 1#1: using the "epoll" event method
2023/02/16 09:14:54 [notice] 1#1: nginx/1.23.3
2023/02/16 09:14:54 [notice] 1#1: built by gcc 12.2.1 20220924 (Alpine 12.2.1_git20220924-r4) 
2023/02/16 09:14:54 [notice] 1#1: OS: Linux 5.4.0-137-generic
2023/02/16 09:14:54 [notice] 1#1: getrlimit(RLIMIT_NOFILE): 1048576:1048576
2023/02/16 09:14:54 [notice] 1#1: start worker processes
2023/02/16 09:14:54 [notice] 1#1: start worker process 28
2023/02/16 09:14:54 [notice] 1#1: start worker process 29
2023/02/16 09:14:54 [notice] 1#1: start worker process 30
2023/02/16 09:14:54 [notice] 1#1: start worker process 31
2023/02/16 09:15:37 [error] 29#29: *1 connect() failed (111: Connection refused) while connecting to upstream, client: 172.24.0.1, server: localhost, request: "GET /users/sign_in HTTP/1.1", upstream: "http://127.0.0.1:3000/users/sign_in", host: "localhost"
2023/02/16 09:15:38 [error] 29#29: *1 connect() failed (111: Connection refused) while connecting to upstream, client: 172.24.0.1, server: localhost, request: "GET /users/sign_in HTTP/1.1", upstream: "http://127.0.0.1:3000/users/sign_in", host: "localhost"
2023/02/16 09:15:39 [error] 29#29: *1 connect() failed (111: Connection refused) while connecting to upstream, client: 172.24.0.1, server: localhost, request: "GET /users/sign_in HTTP/1.1", upstream: "http://127.0.0.1:3000/users/sign_in", host: "localhost"
2023/02/16 09:21:50 [notice] 1#1: signal 3 (SIGQUIT) received, shutting down
2023/02/16 09:21:50 [notice] 28#28: gracefully shutting down
2023/02/16 09:21:50 [notice] 29#29: gracefully shutting down
2023/02/16 09:21:50 [notice] 30#30: gracefully shutting down
2023/02/16 09:21:50 [notice] 28#28: exiting
2023/02/16 09:21:50 [notice] 29#29: exiting
2023/02/16 09:21:50 [notice] 30#30: exiting
2023/02/16 09:21:50 [notice] 30#30: exit
2023/02/16 09:21:50 [notice] 29#29: exit
2023/02/16 09:21:50 [notice] 28#28: exit
2023/02/16 09:21:50 [notice] 31#31: gracefully shutting down
2023/02/16 09:21:50 [notice] 31#31: exiting
2023/02/16 09:21:50 [notice] 31#31: exit
2023/02/16 09:21:50 [notice] 1#1: signal 17 (SIGCHLD) received from 31
2023/02/16 09:21:50 [notice] 1#1: worker process 28 exited with code 0
2023/02/16 09:21:50 [notice] 1#1: worker process 30 exited with code 0
2023/02/16 09:21:50 [notice] 1#1: worker process 31 exited with code 0
2023/02/16 09:21:50 [notice] 1#1: signal 29 (SIGIO) received
2023/02/16 09:21:50 [notice] 1#1: signal 17 (SIGCHLD) received from 28
2023/02/16 09:21:50 [notice] 1#1: signal 17 (SIGCHLD) received from 29
2023/02/16 09:21:50 [notice] 1#1: worker process 29 exited with code 0
2023/02/16 09:21:50 [notice] 1#1: exit
2023/02/16 09:26:23 [emerg] 1#1: host not found in upstream "rails_app" in /etc/nginx/conf.d/default.conf:21
2023/02/16 09:31:33 [notice] 1#1: using the "epoll" event method
2023/02/16 09:31:33 [notice] 1#1: nginx/1.23.3
2023/02/16 09:31:33 [notice] 1#1: built by gcc 12.2.1 20220924 (Alpine 12.2.1_git20220924-r4) 
2023/02/16 09:31:33 [notice] 1#1: OS: Linux 5.4.0-137-generic
2023/02/16 09:31:33 [notice] 1#1: getrlimit(RLIMIT_NOFILE): 1048576:1048576
2023/02/16 09:31:33 [notice] 1#1: start worker processes
2023/02/16 09:31:33 [notice] 1#1: start worker process 28
2023/02/16 09:31:33 [notice] 1#1: start worker process 29
2023/02/16 09:31:33 [notice] 1#1: start worker process 30
2023/02/16 09:31:33 [notice] 1#1: start worker process 31
2023/02/16 09:49:27 [notice] 1#1: signal 3 (SIGQUIT) received, shutting down
2023/02/16 09:49:27 [notice] 31#31: gracefully shutting down
2023/02/16 09:49:27 [notice] 31#31: exiting
2023/02/16 09:49:27 [notice] 31#31: exit
2023/02/16 09:49:27 [notice] 29#29: gracefully shutting down
2023/02/16 09:49:27 [notice] 29#29: exiting
2023/02/16 09:49:27 [notice] 29#29: exit
2023/02/16 09:49:27 [notice] 28#28: gracefully shutting down
2023/02/16 09:49:27 [notice] 28#28: exiting
2023/02/16 09:49:27 [notice] 28#28: exit
2023/02/16 09:49:27 [notice] 30#30: gracefully shutting down
2023/02/16 09:49:27 [notice] 30#30: exiting
2023/02/16 09:49:27 [notice] 30#30: exit
2023/02/16 09:49:27 [notice] 1#1: signal 17 (SIGCHLD) received from 29
2023/02/16 09:49:27 [notice] 1#1: worker process 29 exited with code 0
2023/02/16 09:49:27 [notice] 1#1: signal 29 (SIGIO) received
2023/02/16 09:49:27 [notice] 1#1: signal 17 (SIGCHLD) received from 31
2023/02/16 09:49:27 [notice] 1#1: worker process 31 exited with code 0
2023/02/16 09:49:27 [notice] 1#1: signal 29 (SIGIO) received
2023/02/16 09:49:27 [notice] 1#1: signal 17 (SIGCHLD) received from 30
2023/02/16 09:49:27 [notice] 1#1: worker process 30 exited with code 0
2023/02/16 09:49:27 [notice] 1#1: signal 29 (SIGIO) received
2023/02/16 09:49:27 [notice] 1#1: signal 17 (SIGCHLD) received from 28
2023/02/16 09:49:27 [notice] 1#1: worker process 28 exited with code 0
2023/02/16 09:49:27 [notice] 1#1: exit
2023/02/16 09:49:50 [notice] 1#1: using the "epoll" event method
2023/02/16 09:49:50 [notice] 1#1: nginx/1.23.3
2023/02/16 09:49:50 [notice] 1#1: built by gcc 12.2.1 20220924 (Alpine 12.2.1_git20220924-r4) 
2023/02/16 09:49:50 [notice] 1#1: OS: Linux 5.4.0-137-generic
2023/02/16 09:49:50 [notice] 1#1: getrlimit(RLIMIT_NOFILE): 1048576:1048576
2023/02/16 09:49:50 [notice] 1#1: start worker processes
2023/02/16 09:49:50 [notice] 1#1: start worker process 28
2023/02/16 09:49:50 [notice] 1#1: start worker process 29
2023/02/16 09:49:50 [notice] 1#1: start worker process 30
2023/02/16 09:49:50 [notice] 1#1: start worker process 31
2023/02/16 10:00:15 [notice] 1#1: signal 3 (SIGQUIT) received, shutting down
2023/02/16 10:00:15 [notice] 28#28: gracefully shutting down
2023/02/16 10:00:15 [notice] 29#29: gracefully shutting down
2023/02/16 10:00:15 [notice] 31#31: gracefully shutting down
2023/02/16 10:00:15 [notice] 29#29: exiting
2023/02/16 10:00:15 [notice] 28#28: exiting
2023/02/16 10:00:15 [notice] 31#31: exiting
2023/02/16 10:00:15 [notice] 28#28: exit
2023/02/16 10:00:15 [notice] 29#29: exit
2023/02/16 10:00:15 [notice] 31#31: exit
2023/02/16 10:00:15 [notice] 30#30: gracefully shutting down
2023/02/16 10:00:15 [notice] 30#30: exiting
2023/02/16 10:00:15 [notice] 30#30: exit
2023/02/16 10:00:15 [notice] 1#1: signal 17 (SIGCHLD) received from 30
2023/02/16 10:00:15 [notice] 1#1: worker process 30 exited with code 0
2023/02/16 10:00:15 [notice] 1#1: worker process 29 exited with code 0
2023/02/16 10:00:15 [notice] 1#1: signal 29 (SIGIO) received
2023/02/16 10:00:15 [notice] 1#1: signal 17 (SIGCHLD) received from 29
2023/02/16 10:00:15 [notice] 1#1: signal 17 (SIGCHLD) received from 31
2023/02/16 10:00:15 [notice] 1#1: worker process 31 exited with code 0
2023/02/16 10:00:15 [notice] 1#1: signal 29 (SIGIO) received
2023/02/16 10:00:15 [notice] 1#1: signal 17 (SIGCHLD) received from 28
2023/02/16 10:00:15 [notice] 1#1: worker process 28 exited with code 0
2023/02/16 10:00:15 [notice] 1#1: exit
2023/02/16 10:00:37 [notice] 1#1: using the "epoll" event method
2023/02/16 10:00:37 [notice] 1#1: nginx/1.23.3
2023/02/16 10:00:37 [notice] 1#1: built by gcc 12.2.1 20220924 (Alpine 12.2.1_git20220924-r4) 
2023/02/16 10:00:37 [notice] 1#1: OS: Linux 5.4.0-137-generic
2023/02/16 10:00:37 [notice] 1#1: getrlimit(RLIMIT_NOFILE): 1048576:1048576
2023/02/16 10:00:37 [notice] 1#1: start worker processes
2023/02/16 10:00:37 [notice] 1#1: start worker process 28
2023/02/16 10:00:37 [notice] 1#1: start worker process 29
2023/02/16 10:00:37 [notice] 1#1: start worker process 30
2023/02/16 10:00:37 [notice] 1#1: start worker process 31
2023/02/16 10:01:44 [notice] 1#1: signal 3 (SIGQUIT) received, shutting down
2023/02/16 10:01:44 [notice] 28#28: gracefully shutting down
2023/02/16 10:01:44 [notice] 28#28: exiting
2023/02/16 10:01:44 [notice] 28#28: exit
2023/02/16 10:01:44 [notice] 29#29: gracefully shutting down
2023/02/16 10:01:44 [notice] 29#29: exiting
2023/02/16 10:01:44 [notice] 30#30: gracefully shutting down
2023/02/16 10:01:44 [notice] 29#29: exit
2023/02/16 10:01:44 [notice] 31#31: gracefully shutting down
2023/02/16 10:01:44 [notice] 31#31: exiting
2023/02/16 10:01:44 [notice] 31#31: exit
2023/02/16 10:01:44 [notice] 1#1: signal 17 (SIGCHLD) received from 28
2023/02/16 10:01:44 [notice] 1#1: worker process 28 exited with code 0
2023/02/16 10:01:44 [notice] 1#1: signal 29 (SIGIO) received
2023/02/16 10:01:44 [notice] 1#1: signal 17 (SIGCHLD) received from 31
2023/02/16 10:01:44 [notice] 1#1: worker process 31 exited with code 0
2023/02/16 10:01:44 [notice] 1#1: signal 29 (SIGIO) received
2023/02/16 10:01:44 [notice] 1#1: signal 17 (SIGCHLD) received from 29
2023/02/16 10:01:44 [notice] 1#1: worker process 29 exited with code 0
2023/02/16 10:01:44 [notice] 1#1: signal 29 (SIGIO) received
2023/02/16 10:06:30 [notice] 1#1: using the "epoll" event method
2023/02/16 10:06:30 [notice] 1#1: nginx/1.23.3
2023/02/16 10:06:30 [notice] 1#1: built by gcc 12.2.1 20220924 (Alpine 12.2.1_git20220924-r4) 
2023/02/16 10:06:30 [notice] 1#1: OS: Linux 5.4.0-137-generic
2023/02/16 10:06:30 [notice] 1#1: getrlimit(RLIMIT_NOFILE): 1048576:1048576
2023/02/16 10:06:30 [notice] 1#1: start worker processes
2023/02/16 10:06:30 [notice] 1#1: start worker process 28
2023/02/16 10:06:30 [notice] 1#1: start worker process 29
2023/02/16 10:06:30 [notice] 1#1: start worker process 30
2023/02/16 10:06:30 [notice] 1#1: start worker process 31
2023/02/16 10:09:41 [error] 30#30: *3 connect() failed (113: Host is unreachable) while connecting to upstream, client: 172.24.0.1, server: localhost, request: "GET /users/sign_in HTTP/1.1", upstream: "http://172.24.0.3:3000/users/sign_in", host: "172.24.0.1"
2023/02/16 10:09:56 [error] 31#31: *6 connect() failed (113: Host is unreachable) while connecting to upstream, client: 172.24.0.1, server: localhost, request: "GET /users/sign_in HTTP/1.1", upstream: "http://172.24.0.3:3000/users/sign_in", host: "localhost"
2023/02/16 10:10:04 [error] 31#31: *6 connect() failed (113: Host is unreachable) while connecting to upstream, client: 172.24.0.1, server: localhost, request: "GET /users/sign_in HTTP/1.1", upstream: "http://172.24.0.3:3000/users/sign_in", host: "localhost"
2023/02/16 10:11:06 [notice] 1#1: signal 3 (SIGQUIT) received, shutting down
2023/02/16 10:11:06 [notice] 29#29: gracefully shutting down
2023/02/16 10:11:06 [notice] 29#29: exiting
2023/02/16 10:11:06 [notice] 29#29: exit
2023/02/16 10:11:06 [notice] 28#28: gracefully shutting down
2023/02/16 10:11:06 [notice] 28#28: exiting
2023/02/16 10:11:06 [notice] 28#28: exit
2023/02/16 10:11:06 [notice] 31#31: gracefully shutting down
2023/02/16 10:11:06 [notice] 31#31: exiting
2023/02/16 10:11:06 [notice] 31#31: exit
2023/02/16 10:11:06 [notice] 30#30: gracefully shutting down
2023/02/16 10:11:06 [notice] 30#30: exiting
2023/02/16 10:11:06 [notice] 30#30: exit
2023/02/16 10:11:06 [notice] 1#1: signal 17 (SIGCHLD) received from 29
2023/02/16 10:11:06 [notice] 1#1: worker process 29 exited with code 0
2023/02/16 10:11:06 [notice] 1#1: signal 29 (SIGIO) received
2023/02/16 10:11:06 [notice] 1#1: signal 17 (SIGCHLD) received from 30
2023/02/16 10:11:06 [notice] 1#1: worker process 28 exited with code 0
2023/02/16 10:11:06 [notice] 1#1: worker process 30 exited with code 0
2023/02/16 10:11:06 [notice] 1#1: worker process 31 exited with code 0
2023/02/16 10:11:06 [notice] 1#1: exit
2023/02/16 10:11:23 [notice] 1#1: using the "epoll" event method
2023/02/16 10:11:23 [notice] 1#1: nginx/1.23.3
2023/02/16 10:11:23 [notice] 1#1: built by gcc 12.2.1 20220924 (Alpine 12.2.1_git20220924-r4) 
2023/02/16 10:11:23 [notice] 1#1: OS: Linux 5.4.0-137-generic
2023/02/16 10:11:23 [notice] 1#1: getrlimit(RLIMIT_NOFILE): 1048576:1048576
2023/02/16 10:11:23 [notice] 1#1: start worker processes
2023/02/16 10:11:23 [notice] 1#1: start worker process 28
2023/02/16 10:11:23 [notice] 1#1: start worker process 29
2023/02/16 10:11:23 [notice] 1#1: start worker process 30
2023/02/16 10:11:23 [notice] 1#1: start worker process 31
2023/02/16 10:13:39 [notice] 1#1: signal 3 (SIGQUIT) received, shutting down
2023/02/16 10:13:39 [notice] 28#28: gracefully shutting down
2023/02/16 10:13:39 [notice] 31#31: gracefully shutting down
2023/02/16 10:13:39 [notice] 28#28: exiting
2023/02/16 10:13:39 [notice] 31#31: exiting
2023/02/16 10:13:39 [notice] 31#31: exit
2023/02/16 10:13:39 [notice] 28#28: exit
2023/02/16 10:13:39 [notice] 30#30: gracefully shutting down
2023/02/16 10:13:39 [notice] 29#29: gracefully shutting down
2023/02/16 10:13:39 [notice] 30#30: exiting
2023/02/16 10:13:39 [notice] 29#29: exiting
2023/02/16 10:13:39 [notice] 30#30: exit
2023/02/16 10:13:39 [notice] 29#29: exit
2023/02/16 10:13:39 [notice] 1#1: signal 17 (SIGCHLD) received from 28
2023/02/16 10:13:39 [notice] 1#1: worker process 28 exited with code 0
2023/02/16 10:13:39 [notice] 1#1: worker process 29 exited with code 0
2023/02/16 10:13:39 [notice] 1#1: worker process 30 exited with code 0
2023/02/16 10:13:39 [notice] 1#1: signal 29 (SIGIO) received
2023/02/16 10:13:39 [notice] 1#1: signal 17 (SIGCHLD) received from 30
2023/02/16 10:13:39 [notice] 1#1: signal 17 (SIGCHLD) received from 31
2023/02/16 10:13:39 [notice] 1#1: worker process 31 exited with code 0
2023/02/16 10:13:39 [notice] 1#1: exit
